Exporter version: 5.4.2, Blender version: 2.79 (sub 0)
========= Conversion from Blender to Babylon.js =========
	Scene settings used:
		selected layers only:  false
		flat shading entire scene:  false
		inline textures:  false
		texture directory:  /home/afev/Documents/rozetta/maskMaker/ascets/
	Python World class constructor completed
	processing begun of mesh:  grp1 grp1_2
		processing begun of Standard material:  Mat
		num positions      :  2292
		num normals        :  2292
		num uvs            :  4584
		num uvs2           :  0
		num colors         :  0
		num indices        :  2490
	processing begun of camera (UniversalCamera):  Camera
	processing begun of light (POINT):  Lamp
========= Writing of scene file started =========
========= Writing of scene file completed =========
========= end of processing =========
elapsed time:  0 min, 0.1338 secs
