Exporter version: 5.4.0, Blender version: 2.78 (sub 0)
========= Conversion from Blender to Babylon.js =========
	Scene settings used:
		selected layers only:  false
		flat shading entire scene:  false
		inline textures:  false
		texture directory:  /home/uaio/Documents/rozetta/3dToCraftPattern/ascets/
	Python World class constructor completed
	processing begun of mesh:  grp1 grp1_2
		processing begun of Standard material:  Mat
		num positions      :  2278
		num normals        :  2278
		num uvs            :  4556
		num uvs2           :  0
		num colors         :  0
		num indices        :  2475
	processing begun of camera (UniversalCamera):  Camera
	processing begun of light (POINT):  Lamp
========= Writing of scene file started =========
========= Writing of scene file completed =========
========= end of processing =========
elapsed time:  0 min, 0.0714 secs
